Analysis & Synthesis report for PROCESSADOR_FINAL
Thu Jun 18 18:19:29 2015
Quartus II 32-bit Version 11.1 Build 259 01/25/2012 Service Pack 2 SJ Web Edition


---------------------
; Table of Contents ;
---------------------
  1. Legal Notice
  2. Analysis & Synthesis Summary
  3. Analysis & Synthesis Settings
  4. Parallel Compilation
  5. Analysis & Synthesis Source Files Read
  6. Analysis & Synthesis Resource Usage Summary
  7. Analysis & Synthesis Resource Utilization by Entity
  8. Analysis & Synthesis RAM Summary
  9. Analysis & Synthesis IP Cores Summary
 10. Registers Removed During Synthesis
 11. General Register Statistics
 12. Multiplexer Restructuring Statistics (Restructuring Performed)
 13. Source assignments for PROCESSADOR:P1|VIA:viad|MEMI:instrucoes|altsyncram:altsyncram_component|altsyncram_2i71:auto_generated
 14. Source assignments for PROCESSADOR:P1|VIA:viad|MEMD:dados|altsyncram:altsyncram_component|altsyncram_5ta1:auto_generated
 15. Parameter Settings for User Entity Instance: PROCESSADOR:P1|VIA:viad|MEMI:instrucoes|altsyncram:altsyncram_component
 16. Parameter Settings for User Entity Instance: PROCESSADOR:P1|VIA:viad|MEMD:dados|altsyncram:altsyncram_component
 17. altsyncram Parameter Settings by Entity Instance
 18. Port Connectivity Checks: "PROCESSADOR:P1"
 19. Elapsed Time Per Partition
 20. Analysis & Synthesis Messages



----------------
; Legal Notice ;
----------------
Copyright (C) 1991-2011 Altera Corporation
Your use of Altera Corporation's design tools, logic functions 
and other software and tools, and its AMPP partner logic 
functions, and any output files from any of the foregoing 
(including device programming or simulation files), and any 
associated documentation or information are expressly subject 
to the terms and conditions of the Altera Program License 
Subscription Agreement, Altera MegaCore Function License 
Agreement, or other applicable license agreement, including, 
without limitation, that your use is for the sole purpose of 
programming logic devices manufactured by Altera and sold by 
Altera or its authorized distributors.  Please refer to the 
applicable agreement for further details.



+------------------------------------------------------------------------------------+
; Analysis & Synthesis Summary                                                       ;
+------------------------------------+-----------------------------------------------+
; Analysis & Synthesis Status        ; Successful - Thu Jun 18 18:19:29 2015         ;
; Quartus II 32-bit Version          ; 11.1 Build 259 01/25/2012 SP 2 SJ Web Edition ;
; Revision Name                      ; PROCESSADOR_FINAL                             ;
; Top-level Entity Name              ; PROCESSADOR_FINAL                             ;
; Family                             ; Cyclone II                                    ;
; Total logic elements               ; 2,785                                         ;
;     Total combinational functions  ; 1,793                                         ;
;     Dedicated logic registers      ; 1,033                                         ;
; Total registers                    ; 1033                                          ;
; Total pins                         ; 22                                            ;
; Total virtual pins                 ; 0                                             ;
; Total memory bits                  ; 49,152                                        ;
; Embedded Multiplier 9-bit elements ; 0                                             ;
; Total PLLs                         ; 0                                             ;
+------------------------------------+-----------------------------------------------+


+----------------------------------------------------------------------------------------------------------------------+
; Analysis & Synthesis Settings                                                                                        ;
+----------------------------------------------------------------------------+--------------------+--------------------+
; Option                                                                     ; Setting            ; Default Value      ;
+----------------------------------------------------------------------------+--------------------+--------------------+
; Device                                                                     ; EP2C35F672C6       ;                    ;
; Top-level entity name                                                      ; PROCESSADOR_FINAL  ; PROCESSADOR_FINAL  ;
; Family name                                                                ; Cyclone II         ; Cyclone IV GX      ;
; Use smart compilation                                                      ; Off                ; Off                ;
; Enable parallel Assembler and TimeQuest Timing Analyzer during compilation ; On                 ; On                 ;
; Enable compact report table                                                ; Off                ; Off                ;
; Restructure Multiplexers                                                   ; Auto               ; Auto               ;
; Create Debugging Nodes for IP Cores                                        ; Off                ; Off                ;
; Preserve fewer node names                                                  ; On                 ; On                 ;
; Disable OpenCore Plus hardware evaluation                                  ; Off                ; Off                ;
; Verilog Version                                                            ; Verilog_2001       ; Verilog_2001       ;
; VHDL Version                                                               ; VHDL_1993          ; VHDL_1993          ;
; State Machine Processing                                                   ; Auto               ; Auto               ;
; Safe State Machine                                                         ; Off                ; Off                ;
; Extract Verilog State Machines                                             ; On                 ; On                 ;
; Extract VHDL State Machines                                                ; On                 ; On                 ;
; Ignore Verilog initial constructs                                          ; Off                ; Off                ;
; Iteration limit for constant Verilog loops                                 ; 5000               ; 5000               ;
; Iteration limit for non-constant Verilog loops                             ; 250                ; 250                ;
; Add Pass-Through Logic to Inferred RAMs                                    ; On                 ; On                 ;
; Infer RAMs from Raw Logic                                                  ; On                 ; On                 ;
; Parallel Synthesis                                                         ; On                 ; On                 ;
; DSP Block Balancing                                                        ; Auto               ; Auto               ;
; NOT Gate Push-Back                                                         ; On                 ; On                 ;
; Power-Up Don't Care                                                        ; On                 ; On                 ;
; Remove Redundant Logic Cells                                               ; Off                ; Off                ;
; Remove Duplicate Registers                                                 ; On                 ; On                 ;
; Ignore CARRY Buffers                                                       ; Off                ; Off                ;
; Ignore CASCADE Buffers                                                     ; Off                ; Off                ;
; Ignore GLOBAL Buffers                                                      ; Off                ; Off                ;
; Ignore ROW GLOBAL Buffers                                                  ; Off                ; Off                ;
; Ignore LCELL Buffers                                                       ; Off                ; Off                ;
; Ignore SOFT Buffers                                                        ; On                 ; On                 ;
; Limit AHDL Integers to 32 Bits                                             ; Off                ; Off                ;
; Optimization Technique                                                     ; Balanced           ; Balanced           ;
; Carry Chain Length                                                         ; 70                 ; 70                 ;
; Auto Carry Chains                                                          ; On                 ; On                 ;
; Auto Open-Drain Pins                                                       ; On                 ; On                 ;
; Perform WYSIWYG Primitive Resynthesis                                      ; Off                ; Off                ;
; Auto ROM Replacement                                                       ; On                 ; On                 ;
; Auto RAM Replacement                                                       ; On                 ; On                 ;
; Auto Shift Register Replacement                                            ; Auto               ; Auto               ;
; Allow Shift Register Merging across Hierarchies                            ; Auto               ; Auto               ;
; Auto Clock Enable Replacement                                              ; On                 ; On                 ;
; Strict RAM Replacement                                                     ; Off                ; Off                ;
; Allow Synchronous Control Signals                                          ; On                 ; On                 ;
; Force Use of Synchronous Clear Signals                                     ; Off                ; Off                ;
; Auto RAM to Logic Cell Conversion                                          ; Off                ; Off                ;
; Auto Resource Sharing                                                      ; Off                ; Off                ;
; Allow Any RAM Size For Recognition                                         ; Off                ; Off                ;
; Allow Any ROM Size For Recognition                                         ; Off                ; Off                ;
; Allow Any Shift Register Size For Recognition                              ; Off                ; Off                ;
; Use LogicLock Constraints during Resource Balancing                        ; On                 ; On                 ;
; Ignore translate_off and synthesis_off directives                          ; Off                ; Off                ;
; Timing-Driven Synthesis                                                    ; Off                ; Off                ;
; Report Parameter Settings                                                  ; On                 ; On                 ;
; Report Source Assignments                                                  ; On                 ; On                 ;
; Report Connectivity Checks                                                 ; On                 ; On                 ;
; Ignore Maximum Fan-Out Assignments                                         ; Off                ; Off                ;
; Synchronization Register Chain Length                                      ; 2                  ; 2                  ;
; PowerPlay Power Optimization                                               ; Normal compilation ; Normal compilation ;
; HDL message level                                                          ; Level2             ; Level2             ;
; Suppress Register Optimization Related Messages                            ; Off                ; Off                ;
; Number of Removed Registers Reported in Synthesis Report                   ; 5000               ; 5000               ;
; Number of Inverted Registers Reported in Synthesis Report                  ; 100                ; 100                ;
; Clock MUX Protection                                                       ; On                 ; On                 ;
; Auto Gated Clock Conversion                                                ; Off                ; Off                ;
; Block Design Naming                                                        ; Auto               ; Auto               ;
; SDC constraint protection                                                  ; Off                ; Off                ;
; Synthesis Effort                                                           ; Auto               ; Auto               ;
; Shift Register Replacement - Allow Asynchronous Clear Signal               ; On                 ; On                 ;
; Analysis & Synthesis Message Level                                         ; Medium             ; Medium             ;
; Disable Register Merging Across Hierarchies                                ; Auto               ; Auto               ;
; Resource Aware Inference For Block RAM                                     ; On                 ; On                 ;
; Synthesis Seed                                                             ; 1                  ; 1                  ;
+----------------------------------------------------------------------------+--------------------+--------------------+


Parallel compilation was disabled, but you have multiple processors available. Enable parallel compilation to reduce compilation time.
+-------------------------------------+
; Parallel Compilation                ;
+----------------------------+--------+
; Processors                 ; Number ;
+----------------------------+--------+
; Number detected on machine ; 2      ;
; Maximum allowed            ; 1      ;
+----------------------------+--------+


+-----------------------------------------------------------------------------------------------------------------------------------------------------------------------+
; Analysis & Synthesis Source Files Read                                                                                                                                ;
+----------------------------------+-----------------+----------------------------------------+-------------------------------------------------------------------------+
; File Name with User-Entered Path ; Used in Netlist ; File Type                              ; File Name with Absolute Path                                            ;
+----------------------------------+-----------------+----------------------------------------+-------------------------------------------------------------------------+
; via.vhd                          ; yes             ; User VHDL File                         ; C:/Users/Alunos/Documents/PROCESSADOR_FINAL/via.vhd                     ;
; Controle.vhd                     ; yes             ; User VHDL File                         ; C:/Users/Alunos/Documents/PROCESSADOR_FINAL/Controle.vhd                ;
; PROCESSADOR.vhd                  ; yes             ; User VHDL File                         ; C:/Users/Alunos/Documents/PROCESSADOR_FINAL/PROCESSADOR.vhd             ;
; ULA.vhd                          ; yes             ; User VHDL File                         ; C:/Users/Alunos/Documents/PROCESSADOR_FINAL/ULA.vhd                     ;
; MEMI.vhd                         ; yes             ; User Wizard-Generated File             ; C:/Users/Alunos/Documents/PROCESSADOR_FINAL/MEMI.vhd                    ;
; MEMD.vhd                         ; yes             ; User VHDL File                         ; C:/Users/Alunos/Documents/PROCESSADOR_FINAL/MEMD.vhd                    ;
; BANCO.vhd                        ; yes             ; User VHDL File                         ; C:/Users/Alunos/Documents/PROCESSADOR_FINAL/BANCO.vhd                   ;
; PROCESSADOR_FINAL.vhd            ; yes             ; User VHDL File                         ; C:/Users/Alunos/Documents/PROCESSADOR_FINAL/PROCESSADOR_FINAL.vhd       ;
; altsyncram.tdf                   ; yes             ; Megafunction                           ; c:/altera/11.1sp2/quartus/libraries/megafunctions/altsyncram.tdf        ;
; stratix_ram_block.inc            ; yes             ; Megafunction                           ; c:/altera/11.1sp2/quartus/libraries/megafunctions/stratix_ram_block.inc ;
; lpm_mux.inc                      ; yes             ; Megafunction                           ; c:/altera/11.1sp2/quartus/libraries/megafunctions/lpm_mux.inc           ;
; lpm_decode.inc                   ; yes             ; Megafunction                           ; c:/altera/11.1sp2/quartus/libraries/megafunctions/lpm_decode.inc        ;
; aglobal111.inc                   ; yes             ; Megafunction                           ; c:/altera/11.1sp2/quartus/libraries/megafunctions/aglobal111.inc        ;
; a_rdenreg.inc                    ; yes             ; Megafunction                           ; c:/altera/11.1sp2/quartus/libraries/megafunctions/a_rdenreg.inc         ;
; altrom.inc                       ; yes             ; Megafunction                           ; c:/altera/11.1sp2/quartus/libraries/megafunctions/altrom.inc            ;
; altram.inc                       ; yes             ; Megafunction                           ; c:/altera/11.1sp2/quartus/libraries/megafunctions/altram.inc            ;
; altdpram.inc                     ; yes             ; Megafunction                           ; c:/altera/11.1sp2/quartus/libraries/megafunctions/altdpram.inc          ;
; db/altsyncram_2i71.tdf           ; yes             ; Auto-Generated Megafunction            ; C:/Users/Alunos/Documents/PROCESSADOR_FINAL/db/altsyncram_2i71.tdf      ;
; rom.mif                          ; yes             ; Auto-Found Memory Initialization File  ; C:/Users/Alunos/Documents/PROCESSADOR_FINAL/rom.mif                     ;
; db/altsyncram_5ta1.tdf           ; yes             ; Auto-Generated Megafunction            ; C:/Users/Alunos/Documents/PROCESSADOR_FINAL/db/altsyncram_5ta1.tdf      ;
+----------------------------------+-----------------+----------------------------------------+-------------------------------------------------------------------------+


+------------------------------------------------------+
; Analysis & Synthesis Resource Usage Summary          ;
+---------------------------------------------+--------+
; Resource                                    ; Usage  ;
+---------------------------------------------+--------+
; Estimated Total logic elements              ; 2,785  ;
;                                             ;        ;
; Total combinational functions               ; 1793   ;
; Logic element usage by number of LUT inputs ;        ;
;     -- 4 input functions                    ; 1576   ;
;     -- 3 input functions                    ; 201    ;
;     -- <=2 input functions                  ; 16     ;
;                                             ;        ;
; Logic elements by mode                      ;        ;
;     -- normal mode                          ; 1653   ;
;     -- arithmetic mode                      ; 140    ;
;                                             ;        ;
; Total registers                             ; 1033   ;
;     -- Dedicated logic registers            ; 1033   ;
;     -- I/O registers                        ; 0      ;
;                                             ;        ;
; I/O pins                                    ; 22     ;
; Total memory bits                           ; 49152  ;
; Maximum fan-out node                        ; KEY[2] ;
; Maximum fan-out                             ; 1097   ;
; Total fan-out                               ; 10809  ;
; Average fan-out                             ; 3.71   ;
+---------------------------------------------+--------+


+--------------------------------------------------------------------------------------------------------------------------------------------------------------------------------------------------------------------------------------------------------------------------------------------------------+
; Analysis & Synthesis Resource Utilization by Entity                                                                                                                                                                                                                                                    ;
+-------------------------------------------------+-------------------+--------------+-------------+--------------+---------+-----------+------+--------------+---------------------------------------------------------------------------------------------------------------------------+--------------+
; Compilation Hierarchy Node                      ; LC Combinationals ; LC Registers ; Memory Bits ; DSP Elements ; DSP 9x9 ; DSP 18x18 ; Pins ; Virtual Pins ; Full Hierarchy Name                                                                                                       ; Library Name ;
+-------------------------------------------------+-------------------+--------------+-------------+--------------+---------+-----------+------+--------------+---------------------------------------------------------------------------------------------------------------------------+--------------+
; |PROCESSADOR_FINAL                              ; 1793 (0)          ; 1033 (0)     ; 49152       ; 0            ; 0       ; 0         ; 22   ; 0            ; |PROCESSADOR_FINAL                                                                                                        ;              ;
;    |PROCESSADOR:P1|                             ; 1793 (0)          ; 1033 (0)     ; 49152       ; 0            ; 0       ; 0         ; 0    ; 0            ; |PROCESSADOR_FINAL|PROCESSADOR:P1                                                                                         ;              ;
;       |Controle:ctrl|                           ; 23 (23)           ; 0 (0)        ; 0           ; 0            ; 0       ; 0         ; 0    ; 0            ; |PROCESSADOR_FINAL|PROCESSADOR:P1|Controle:ctrl                                                                           ;              ;
;       |VIA:viad|                                ; 1770 (147)        ; 1033 (9)     ; 49152       ; 0            ; 0       ; 0         ; 0    ; 0            ; |PROCESSADOR_FINAL|PROCESSADOR:P1|VIA:viad                                                                                ;              ;
;          |BANCO:banco1|                         ; 1359 (1359)       ; 1024 (1024)  ; 0           ; 0            ; 0       ; 0         ; 0    ; 0            ; |PROCESSADOR_FINAL|PROCESSADOR:P1|VIA:viad|BANCO:banco1                                                                   ;              ;
;          |MEMD:dados|                           ; 0 (0)             ; 0 (0)        ; 32768       ; 0            ; 0       ; 0         ; 0    ; 0            ; |PROCESSADOR_FINAL|PROCESSADOR:P1|VIA:viad|MEMD:dados                                                                     ;              ;
;             |altsyncram:altsyncram_component|   ; 0 (0)             ; 0 (0)        ; 32768       ; 0            ; 0       ; 0         ; 0    ; 0            ; |PROCESSADOR_FINAL|PROCESSADOR:P1|VIA:viad|MEMD:dados|altsyncram:altsyncram_component                                     ;              ;
;                |altsyncram_5ta1:auto_generated| ; 0 (0)             ; 0 (0)        ; 32768       ; 0            ; 0       ; 0         ; 0    ; 0            ; |PROCESSADOR_FINAL|PROCESSADOR:P1|VIA:viad|MEMD:dados|altsyncram:altsyncram_component|altsyncram_5ta1:auto_generated      ;              ;
;          |MEMI:instrucoes|                      ; 0 (0)             ; 0 (0)        ; 16384       ; 0            ; 0       ; 0         ; 0    ; 0            ; |PROCESSADOR_FINAL|PROCESSADOR:P1|VIA:viad|MEMI:instrucoes                                                                ;              ;
;             |altsyncram:altsyncram_component|   ; 0 (0)             ; 0 (0)        ; 16384       ; 0            ; 0       ; 0         ; 0    ; 0            ; |PROCESSADOR_FINAL|PROCESSADOR:P1|VIA:viad|MEMI:instrucoes|altsyncram:altsyncram_component                                ;              ;
;                |altsyncram_2i71:auto_generated| ; 0 (0)             ; 0 (0)        ; 16384       ; 0            ; 0       ; 0         ; 0    ; 0            ; |PROCESSADOR_FINAL|PROCESSADOR:P1|VIA:viad|MEMI:instrucoes|altsyncram:altsyncram_component|altsyncram_2i71:auto_generated ;              ;
;          |ULA:ula1|                             ; 264 (264)         ; 0 (0)        ; 0           ; 0            ; 0       ; 0         ; 0    ; 0            ; |PROCESSADOR_FINAL|PROCESSADOR:P1|VIA:viad|ULA:ula1                                                                       ;              ;
+-------------------------------------------------+-------------------+--------------+-------------+--------------+---------+-----------+------+--------------+---------------------------------------------------------------------------------------------------------------------------+--------------+
Note: For table entries with two numbers listed, the numbers in parentheses indicate the number of resources of the given type used by the specific entity alone. The numbers listed outside of parentheses indicate the total resources of the given type used by the specific entity and all of its sub-entities in the hierarchy.


+----------------------------------------------------------------------------------------------------------------------------------------------------------------------------------------------------------------------+
; Analysis & Synthesis RAM Summary                                                                                                                                                                                     ;
+-------------------------------------------------------------------------------------------------------------------+------+-------------+--------------+--------------+--------------+--------------+-------+---------+
; Name                                                                                                              ; Type ; Mode        ; Port A Depth ; Port A Width ; Port B Depth ; Port B Width ; Size  ; MIF     ;
+-------------------------------------------------------------------------------------------------------------------+------+-------------+--------------+--------------+--------------+--------------+-------+---------+
; PROCESSADOR:P1|VIA:viad|MEMD:dados|altsyncram:altsyncram_component|altsyncram_5ta1:auto_generated|ALTSYNCRAM      ; AUTO ; Single Port ; 1024         ; 32           ; --           ; --           ; 32768 ; None    ;
; PROCESSADOR:P1|VIA:viad|MEMI:instrucoes|altsyncram:altsyncram_component|altsyncram_2i71:auto_generated|ALTSYNCRAM ; AUTO ; ROM         ; 512          ; 32           ; --           ; --           ; 16384 ; ROM.mif ;
+-------------------------------------------------------------------------------------------------------------------+------+-------------+--------------+--------------+--------------+--------------+-------+---------+


+-----------------------------------------------------------------------------------------------------------------------------------------------------------------------------------+
; Analysis & Synthesis IP Cores Summary                                                                                                                                             ;
+--------+--------------+---------+--------------+--------------+------------------------------------------------------------+------------------------------------------------------+
; Vendor ; IP Core Name ; Version ; Release Date ; License Type ; Entity Instance                                            ; IP Include File                                      ;
+--------+--------------+---------+--------------+--------------+------------------------------------------------------------+------------------------------------------------------+
; Altera ; ROM: 1-PORT  ; N/A     ; N/A          ; N/A          ; |PROCESSADOR_FINAL|PROCESSADOR:P1|VIA:viad|MEMI:instrucoes ; C:/Users/Alunos/Documents/PROCESSADOR_FINAL/MEMI.vhd ;
+--------+--------------+---------+--------------+--------------+------------------------------------------------------------+------------------------------------------------------+


+------------------------------------------------------------------------------------+
; Registers Removed During Synthesis                                                 ;
+----------------------------------------+-------------------------------------------+
; Register name                          ; Reason for Removal                        ;
+----------------------------------------+-------------------------------------------+
; PROCESSADOR:P1|VIA:viad|PC[1]          ; Merged with PROCESSADOR:P1|VIA:viad|PC[0] ;
; PROCESSADOR:P1|VIA:viad|PC[0]          ; Stuck at GND due to stuck port data_in    ;
; PROCESSADOR:P1|VIA:viad|PC[11..31]     ; Lost fanout                               ;
; Total Number of Removed Registers = 23 ;                                           ;
+----------------------------------------+-------------------------------------------+


+------------------------------------------------------+
; General Register Statistics                          ;
+----------------------------------------------+-------+
; Statistic                                    ; Value ;
+----------------------------------------------+-------+
; Total registers                              ; 1033  ;
; Number of registers using Synchronous Clear  ; 0     ;
; Number of registers using Synchronous Load   ; 9     ;
; Number of registers using Asynchronous Clear ; 9     ;
; Number of registers using Asynchronous Load  ; 0     ;
; Number of registers using Clock Enable       ; 1024  ;
; Number of registers using Preset             ; 0     ;
+----------------------------------------------+-------+


+-----------------------------------------------------------------------------------------------------------------------------------------------------------------------------------------+
; Multiplexer Restructuring Statistics (Restructuring Performed)                                                                                                                          ;
+--------------------+-----------+---------------+----------------------+------------------------+-----------------------------------------------------------+----------------------------+
; Multiplexer Inputs ; Bus Width ; Baseline Area ; Area if Restructured ; Saving if Restructured ; Registered                                                ; Example Multiplexer Output ;
+--------------------+-----------+---------------+----------------------+------------------------+-----------------------------------------------------------+----------------------------+
; 3:1                ; 26 bits   ; 52 LEs        ; 52 LEs               ; 0 LEs                  ; |PROCESSADOR_FINAL|PROCESSADOR:P1|VIA:viad|PC[18]         ;                            ;
; 3:1                ; 32 bits   ; 64 LEs        ; 64 LEs               ; 0 LEs                  ; |PROCESSADOR_FINAL|PROCESSADOR:P1|VIA:viad|bus_B[23]      ;                            ;
; 16:1               ; 15 bits   ; 150 LEs       ; 60 LEs               ; 90 LEs                 ; |PROCESSADOR_FINAL|PROCESSADOR:P1|VIA:viad|ULA:ula1|Mux30 ;                            ;
; 16:1               ; 16 bits   ; 160 LEs       ; 64 LEs               ; 96 LEs                 ; |PROCESSADOR_FINAL|PROCESSADOR:P1|VIA:viad|ULA:ula1|Mux13 ;                            ;
; 64:1               ; 4 bits    ; 168 LEs       ; 52 LEs               ; 116 LEs                ; |PROCESSADOR_FINAL|PROCESSADOR:P1|Controle:ctrl|Mux11     ;                            ;
+--------------------+-----------+---------------+----------------------+------------------------+-----------------------------------------------------------+----------------------------+


+-------------------------------------------------------------------------------------------------------------------------------+
; Source assignments for PROCESSADOR:P1|VIA:viad|MEMI:instrucoes|altsyncram:altsyncram_component|altsyncram_2i71:auto_generated ;
+---------------------------------+--------------------+------+-----------------------------------------------------------------+
; Assignment                      ; Value              ; From ; To                                                              ;
+---------------------------------+--------------------+------+-----------------------------------------------------------------+
; OPTIMIZE_POWER_DURING_SYNTHESIS ; NORMAL_COMPILATION ; -    ; -                                                               ;
+---------------------------------+--------------------+------+-----------------------------------------------------------------+


+--------------------------------------------------------------------------------------------------------------------------+
; Source assignments for PROCESSADOR:P1|VIA:viad|MEMD:dados|altsyncram:altsyncram_component|altsyncram_5ta1:auto_generated ;
+---------------------------------+--------------------+------+------------------------------------------------------------+
; Assignment                      ; Value              ; From ; To                                                         ;
+---------------------------------+--------------------+------+------------------------------------------------------------+
; OPTIMIZE_POWER_DURING_SYNTHESIS ; NORMAL_COMPILATION ; -    ; -                                                          ;
+---------------------------------+--------------------+------+------------------------------------------------------------+


+----------------------------------------------------------------------------------------------------------------------+
; Parameter Settings for User Entity Instance: PROCESSADOR:P1|VIA:viad|MEMI:instrucoes|altsyncram:altsyncram_component ;
+------------------------------------+----------------------+----------------------------------------------------------+
; Parameter Name                     ; Value                ; Type                                                     ;
+------------------------------------+----------------------+----------------------------------------------------------+
; BYTE_SIZE_BLOCK                    ; 8                    ; Untyped                                                  ;
; AUTO_CARRY_CHAINS                  ; ON                   ; AUTO_CARRY                                               ;
; IGNORE_CARRY_BUFFERS               ; OFF                  ; IGNORE_CARRY                                             ;
; AUTO_CASCADE_CHAINS                ; ON                   ; AUTO_CASCADE                                             ;
; IGNORE_CASCADE_BUFFERS             ; OFF                  ; IGNORE_CASCADE                                           ;
; WIDTH_BYTEENA                      ; 1                    ; Untyped                                                  ;
; OPERATION_MODE                     ; ROM                  ; Untyped                                                  ;
; WIDTH_A                            ; 32                   ; Signed Integer                                           ;
; WIDTHAD_A                          ; 9                    ; Signed Integer                                           ;
; NUMWORDS_A                         ; 512                  ; Signed Integer                                           ;
; OUTDATA_REG_A                      ; UNREGISTERED         ; Untyped                                                  ;
; ADDRESS_ACLR_A                     ; NONE                 ; Untyped                                                  ;
; OUTDATA_ACLR_A                     ; NONE                 ; Untyped                                                  ;
; WRCONTROL_ACLR_A                   ; NONE                 ; Untyped                                                  ;
; INDATA_ACLR_A                      ; NONE                 ; Untyped                                                  ;
; BYTEENA_ACLR_A                     ; NONE                 ; Untyped                                                  ;
; WIDTH_B                            ; 1                    ; Untyped                                                  ;
; WIDTHAD_B                          ; 1                    ; Untyped                                                  ;
; NUMWORDS_B                         ; 1                    ; Untyped                                                  ;
; INDATA_REG_B                       ; CLOCK1               ; Untyped                                                  ;
; WRCONTROL_WRADDRESS_REG_B          ; CLOCK1               ; Untyped                                                  ;
; RDCONTROL_REG_B                    ; CLOCK1               ; Untyped                                                  ;
; ADDRESS_REG_B                      ; CLOCK1               ; Untyped                                                  ;
; OUTDATA_REG_B                      ; UNREGISTERED         ; Untyped                                                  ;
; BYTEENA_REG_B                      ; CLOCK1               ; Untyped                                                  ;
; INDATA_ACLR_B                      ; NONE                 ; Untyped                                                  ;
; WRCONTROL_ACLR_B                   ; NONE                 ; Untyped                                                  ;
; ADDRESS_ACLR_B                     ; NONE                 ; Untyped                                                  ;
; OUTDATA_ACLR_B                     ; NONE                 ; Untyped                                                  ;
; RDCONTROL_ACLR_B                   ; NONE                 ; Untyped                                                  ;
; BYTEENA_ACLR_B                     ; NONE                 ; Untyped                                                  ;
; WIDTH_BYTEENA_A                    ; 1                    ; Signed Integer                                           ;
; WIDTH_BYTEENA_B                    ; 1                    ; Untyped                                                  ;
; RAM_BLOCK_TYPE                     ; AUTO                 ; Untyped                                                  ;
; BYTE_SIZE                          ; 8                    ; Untyped                                                  ;
; READ_DURING_WRITE_MODE_MIXED_PORTS ; DONT_CARE            ; Untyped                                                  ;
; READ_DURING_WRITE_MODE_PORT_A      ; NEW_DATA_NO_NBE_READ ; Untyped                                                  ;
; READ_DURING_WRITE_MODE_PORT_B      ; NEW_DATA_NO_NBE_READ ; Untyped                                                  ;
; INIT_FILE                          ; ROM.mif              ; Untyped                                                  ;
; INIT_FILE_LAYOUT                   ; PORT_A               ; Untyped                                                  ;
; MAXIMUM_DEPTH                      ; 0                    ; Untyped                                                  ;
; CLOCK_ENABLE_INPUT_A               ; BYPASS               ; Untyped                                                  ;
; CLOCK_ENABLE_INPUT_B               ; NORMAL               ; Untyped                                                  ;
; CLOCK_ENABLE_OUTPUT_A              ; BYPASS               ; Untyped                                                  ;
; CLOCK_ENABLE_OUTPUT_B              ; NORMAL               ; Untyped                                                  ;
; CLOCK_ENABLE_CORE_A                ; USE_INPUT_CLKEN      ; Untyped                                                  ;
; CLOCK_ENABLE_CORE_B                ; USE_INPUT_CLKEN      ; Untyped                                                  ;
; ENABLE_ECC                         ; FALSE                ; Untyped                                                  ;
; WIDTH_ECCSTATUS                    ; 3                    ; Untyped                                                  ;
; DEVICE_FAMILY                      ; Cyclone II           ; Untyped                                                  ;
; CBXI_PARAMETER                     ; altsyncram_2i71      ; Untyped                                                  ;
+------------------------------------+----------------------+----------------------------------------------------------+
Note: In order to hide this table in the UI and the text report file, please set the "Show Parameter Settings in Synthesis Report" option in "Analysis and Synthesis Settings -> More Settings" to "Off".


+-----------------------------------------------------------------------------------------------------------------+
; Parameter Settings for User Entity Instance: PROCESSADOR:P1|VIA:viad|MEMD:dados|altsyncram:altsyncram_component ;
+------------------------------------+----------------------+-----------------------------------------------------+
; Parameter Name                     ; Value                ; Type                                                ;
+------------------------------------+----------------------+-----------------------------------------------------+
; BYTE_SIZE_BLOCK                    ; 8                    ; Untyped                                             ;
; AUTO_CARRY_CHAINS                  ; ON                   ; AUTO_CARRY                                          ;
; IGNORE_CARRY_BUFFERS               ; OFF                  ; IGNORE_CARRY                                        ;
; AUTO_CASCADE_CHAINS                ; ON                   ; AUTO_CASCADE                                        ;
; IGNORE_CASCADE_BUFFERS             ; OFF                  ; IGNORE_CASCADE                                      ;
; WIDTH_BYTEENA                      ; 1                    ; Untyped                                             ;
; OPERATION_MODE                     ; SINGLE_PORT          ; Untyped                                             ;
; WIDTH_A                            ; 32                   ; Signed Integer                                      ;
; WIDTHAD_A                          ; 10                   ; Signed Integer                                      ;
; NUMWORDS_A                         ; 1024                 ; Signed Integer                                      ;
; OUTDATA_REG_A                      ; UNREGISTERED         ; Untyped                                             ;
; ADDRESS_ACLR_A                     ; NONE                 ; Untyped                                             ;
; OUTDATA_ACLR_A                     ; NONE                 ; Untyped                                             ;
; WRCONTROL_ACLR_A                   ; NONE                 ; Untyped                                             ;
; INDATA_ACLR_A                      ; NONE                 ; Untyped                                             ;
; BYTEENA_ACLR_A                     ; NONE                 ; Untyped                                             ;
; WIDTH_B                            ; 1                    ; Untyped                                             ;
; WIDTHAD_B                          ; 1                    ; Untyped                                             ;
; NUMWORDS_B                         ; 1                    ; Untyped                                             ;
; INDATA_REG_B                       ; CLOCK1               ; Untyped                                             ;
; WRCONTROL_WRADDRESS_REG_B          ; CLOCK1               ; Untyped                                             ;
; RDCONTROL_REG_B                    ; CLOCK1               ; Untyped                                             ;
; ADDRESS_REG_B                      ; CLOCK1               ; Untyped                                             ;
; OUTDATA_REG_B                      ; UNREGISTERED         ; Untyped                                             ;
; BYTEENA_REG_B                      ; CLOCK1               ; Untyped                                             ;
; INDATA_ACLR_B                      ; NONE                 ; Untyped                                             ;
; WRCONTROL_ACLR_B                   ; NONE                 ; Untyped                                             ;
; ADDRESS_ACLR_B                     ; NONE                 ; Untyped                                             ;
; OUTDATA_ACLR_B                     ; NONE                 ; Untyped                                             ;
; RDCONTROL_ACLR_B                   ; NONE                 ; Untyped                                             ;
; BYTEENA_ACLR_B                     ; NONE                 ; Untyped                                             ;
; WIDTH_BYTEENA_A                    ; 1                    ; Signed Integer                                      ;
; WIDTH_BYTEENA_B                    ; 1                    ; Untyped                                             ;
; RAM_BLOCK_TYPE                     ; AUTO                 ; Untyped                                             ;
; BYTE_SIZE                          ; 8                    ; Untyped                                             ;
; READ_DURING_WRITE_MODE_MIXED_PORTS ; DONT_CARE            ; Untyped                                             ;
; READ_DURING_WRITE_MODE_PORT_A      ; NEW_DATA_NO_NBE_READ ; Untyped                                             ;
; READ_DURING_WRITE_MODE_PORT_B      ; NEW_DATA_NO_NBE_READ ; Untyped                                             ;
; INIT_FILE                          ; UNUSED               ; Untyped                                             ;
; INIT_FILE_LAYOUT                   ; PORT_A               ; Untyped                                             ;
; MAXIMUM_DEPTH                      ; 0                    ; Untyped                                             ;
; CLOCK_ENABLE_INPUT_A               ; BYPASS               ; Untyped                                             ;
; CLOCK_ENABLE_INPUT_B               ; NORMAL               ; Untyped                                             ;
; CLOCK_ENABLE_OUTPUT_A              ; BYPASS               ; Untyped                                             ;
; CLOCK_ENABLE_OUTPUT_B              ; NORMAL               ; Untyped                                             ;
; CLOCK_ENABLE_CORE_A                ; USE_INPUT_CLKEN      ; Untyped                                             ;
; CLOCK_ENABLE_CORE_B                ; USE_INPUT_CLKEN      ; Untyped                                             ;
; ENABLE_ECC                         ; FALSE                ; Untyped                                             ;
; WIDTH_ECCSTATUS                    ; 3                    ; Untyped                                             ;
; DEVICE_FAMILY                      ; Cyclone II           ; Untyped                                             ;
; CBXI_PARAMETER                     ; altsyncram_5ta1      ; Untyped                                             ;
+------------------------------------+----------------------+-----------------------------------------------------+
Note: In order to hide this table in the UI and the text report file, please set the "Show Parameter Settings in Synthesis Report" option in "Analysis and Synthesis Settings -> More Settings" to "Off".


+---------------------------------------------------------------------------------------------------------------------+
; altsyncram Parameter Settings by Entity Instance                                                                    ;
+-------------------------------------------+-------------------------------------------------------------------------+
; Name                                      ; Value                                                                   ;
+-------------------------------------------+-------------------------------------------------------------------------+
; Number of entity instances                ; 2                                                                       ;
; Entity Instance                           ; PROCESSADOR:P1|VIA:viad|MEMI:instrucoes|altsyncram:altsyncram_component ;
;     -- OPERATION_MODE                     ; ROM                                                                     ;
;     -- WIDTH_A                            ; 32                                                                      ;
;     -- NUMWORDS_A                         ; 512                                                                     ;
;     -- OUTDATA_REG_A                      ; UNREGISTERED                                                            ;
;     -- WIDTH_B                            ; 1                                                                       ;
;     -- NUMWORDS_B                         ; 1                                                                       ;
;     -- ADDRESS_REG_B                      ; CLOCK1                                                                  ;
;     -- OUTDATA_REG_B                      ; UNREGISTERED                                                            ;
;     -- RAM_BLOCK_TYPE                     ; AUTO                                                                    ;
;     -- READ_DURING_WRITE_MODE_MIXED_PORTS ; DONT_CARE                                                               ;
; Entity Instance                           ; PROCESSADOR:P1|VIA:viad|MEMD:dados|altsyncram:altsyncram_component      ;
;     -- OPERATION_MODE                     ; SINGLE_PORT                                                             ;
;     -- WIDTH_A                            ; 32                                                                      ;
;     -- NUMWORDS_A                         ; 1024                                                                    ;
;     -- OUTDATA_REG_A                      ; UNREGISTERED                                                            ;
;     -- WIDTH_B                            ; 1                                                                       ;
;     -- NUMWORDS_B                         ; 1                                                                       ;
;     -- ADDRESS_REG_B                      ; CLOCK1                                                                  ;
;     -- OUTDATA_REG_B                      ; UNREGISTERED                                                            ;
;     -- RAM_BLOCK_TYPE                     ; AUTO                                                                    ;
;     -- READ_DURING_WRITE_MODE_MIXED_PORTS ; DONT_CARE                                                               ;
+-------------------------------------------+-------------------------------------------------------------------------+


+-----------------------------------------------------------------------------------------------------------------------------+
; Port Connectivity Checks: "PROCESSADOR:P1"                                                                                  ;
+-------------------+--------+----------+-------------------------------------------------------------------------------------+
; Port              ; Type   ; Severity ; Details                                                                             ;
+-------------------+--------+----------+-------------------------------------------------------------------------------------+
; instrucao         ; Output ; Info     ; Connected to dangling logic. Logic that only feeds a dangling port will be removed. ;
; resultado[31..18] ; Output ; Info     ; Connected to dangling logic. Logic that only feeds a dangling port will be removed. ;
; pc_saida          ; Output ; Info     ; Connected to dangling logic. Logic that only feeds a dangling port will be removed. ;
+-------------------+--------+----------+-------------------------------------------------------------------------------------+


+-------------------------------+
; Elapsed Time Per Partition    ;
+----------------+--------------+
; Partition Name ; Elapsed Time ;
+----------------+--------------+
; Top            ; 00:00:14     ;
+----------------+--------------+


+-------------------------------+
; Analysis & Synthesis Messages ;
+-------------------------------+
Info: *******************************************************************
Info: Running Quartus II 32-bit Analysis & Synthesis
    Info: Version 11.1 Build 259 01/25/2012 Service Pack 2 SJ Web Edition
    Info: Processing started: Thu Jun 18 18:19:13 2015
Info: Command: quartus_map --read_settings_files=on --write_settings_files=off PROCESSADOR_FINAL -c PROCESSADOR_FINAL
Warning (20028): Parallel compilation is not licensed and has been disabled
Info (12021): Found 2 design units, including 1 entities, in source file via.vhd
    Info (12022): Found design unit 1: VIA-beh
    Info (12023): Found entity 1: VIA
Info (12021): Found 2 design units, including 1 entities, in source file controle.vhd
    Info (12022): Found design unit 1: Controle-beh
    Info (12023): Found entity 1: Controle
Info (12021): Found 2 design units, including 1 entities, in source file processador.vhd
    Info (12022): Found design unit 1: PROCESSADOR-beh
    Info (12023): Found entity 1: PROCESSADOR
Info (12021): Found 2 design units, including 1 entities, in source file ula.vhd
    Info (12022): Found design unit 1: ULA-beh
    Info (12023): Found entity 1: ULA
Info (12021): Found 2 design units, including 1 entities, in source file memi.vhd
    Info (12022): Found design unit 1: memi-SYN
    Info (12023): Found entity 1: MEMI
Info (12021): Found 2 design units, including 1 entities, in source file memd.vhd
    Info (12022): Found design unit 1: memd-SYN
    Info (12023): Found entity 1: MEMD
Info (12021): Found 2 design units, including 1 entities, in source file banco.vhd
    Info (12022): Found design unit 1: BANCO-beh
    Info (12023): Found entity 1: BANCO
Info (12021): Found 2 design units, including 1 entities, in source file processador_final.vhd
    Info (12022): Found design unit 1: PROCESSADOR_FINAL-beh
    Info (12023): Found entity 1: PROCESSADOR_FINAL
Info (12127): Elaborating entity "PROCESSADOR_FINAL" for the top level hierarchy
Info (12128): Elaborating entity "PROCESSADOR" for hierarchy "PROCESSADOR:P1"
Info (12128): Elaborating entity "VIA" for hierarchy "PROCESSADOR:P1|VIA:viad"
Warning (10036): Verilog HDL or VHDL warning at via.vhd(83): object "ZeroExt" assigned a value but never read
Info (12128): Elaborating entity "MEMI" for hierarchy "PROCESSADOR:P1|VIA:viad|MEMI:instrucoes"
Info (12128): Elaborating entity "altsyncram" for hierarchy "PROCESSADOR:P1|VIA:viad|MEMI:instrucoes|altsyncram:altsyncram_component"
Info (12130): Elaborated megafunction instantiation "PROCESSADOR:P1|VIA:viad|MEMI:instrucoes|altsyncram:altsyncram_component"
Info (12133): Instantiated megafunction "PROCESSADOR:P1|VIA:viad|MEMI:instrucoes|altsyncram:altsyncram_component" with the following parameter:
    Info (12134): Parameter "clock_enable_input_a" = "BYPASS"
    Info (12134): Parameter "clock_enable_output_a" = "BYPASS"
    Info (12134): Parameter "init_file" = "ROM.mif"
    Info (12134): Parameter "intended_device_family" = "Cyclone II"
    Info (12134): Parameter "lpm_hint" = "ENABLE_RUNTIME_MOD=NO"
    Info (12134): Parameter "lpm_type" = "altsyncram"
    Info (12134): Parameter "numwords_a" = "512"
    Info (12134): Parameter "operation_mode" = "ROM"
    Info (12134): Parameter "outdata_aclr_a" = "NONE"
    Info (12134): Parameter "outdata_reg_a" = "UNREGISTERED"
    Info (12134): Parameter "widthad_a" = "9"
    Info (12134): Parameter "width_a" = "32"
    Info (12134): Parameter "width_byteena_a" = "1"
Info (12021): Found 1 design units, including 1 entities, in source file db/altsyncram_2i71.tdf
    Info (12023): Found entity 1: altsyncram_2i71
Info (12128): Elaborating entity "altsyncram_2i71" for hierarchy "PROCESSADOR:P1|VIA:viad|MEMI:instrucoes|altsyncram:altsyncram_component|altsyncram_2i71:auto_generated"
Info (12128): Elaborating entity "BANCO" for hierarchy "PROCESSADOR:P1|VIA:viad|BANCO:banco1"
Info (12128): Elaborating entity "ULA" for hierarchy "PROCESSADOR:P1|VIA:viad|ULA:ula1"
Info (12128): Elaborating entity "MEMD" for hierarchy "PROCESSADOR:P1|VIA:viad|MEMD:dados"
Info (12128): Elaborating entity "altsyncram" for hierarchy "PROCESSADOR:P1|VIA:viad|MEMD:dados|altsyncram:altsyncram_component"
Info (12130): Elaborated megafunction instantiation "PROCESSADOR:P1|VIA:viad|MEMD:dados|altsyncram:altsyncram_component"
Info (12133): Instantiated megafunction "PROCESSADOR:P1|VIA:viad|MEMD:dados|altsyncram:altsyncram_component" with the following parameter:
    Info (12134): Parameter "clock_enable_input_a" = "BYPASS"
    Info (12134): Parameter "clock_enable_output_a" = "BYPASS"
    Info (12134): Parameter "intended_device_family" = "Cyclone II"
    Info (12134): Parameter "lpm_hint" = "ENABLE_RUNTIME_MOD=NO"
    Info (12134): Parameter "lpm_type" = "altsyncram"
    Info (12134): Parameter "numwords_a" = "1024"
    Info (12134): Parameter "operation_mode" = "SINGLE_PORT"
    Info (12134): Parameter "outdata_aclr_a" = "NONE"
    Info (12134): Parameter "outdata_reg_a" = "UNREGISTERED"
    Info (12134): Parameter "power_up_uninitialized" = "TRUE"
    Info (12134): Parameter "widthad_a" = "10"
    Info (12134): Parameter "width_a" = "32"
    Info (12134): Parameter "width_byteena_a" = "1"
Info (12021): Found 1 design units, including 1 entities, in source file db/altsyncram_5ta1.tdf
    Info (12023): Found entity 1: altsyncram_5ta1
Info (12128): Elaborating entity "altsyncram_5ta1" for hierarchy "PROCESSADOR:P1|VIA:viad|MEMD:dados|altsyncram:altsyncram_component|altsyncram_5ta1:auto_generated"
Info (12128): Elaborating entity "Controle" for hierarchy "PROCESSADOR:P1|Controle:ctrl"
Info (13005): Duplicate registers merged to single register
Info (276014): Found 1 instances of uninferred RAM logic
    Info (276007): RAM logic "PROCESSADOR:P1|VIA:viad|BANCO:banco1|registradores" is uninferred due to asynchronous read logic
Info (17049): 21 registers lost all their fanouts during netlist optimizations. The first 21 are displayed below.
    Info (17050): Register "PROCESSADOR:P1|VIA:viad|PC[31]" lost all its fanouts during netlist optimizations.
    Info (17050): Register "PROCESSADOR:P1|VIA:viad|PC[30]" lost all its fanouts during netlist optimizations.
    Info (17050): Register "PROCESSADOR:P1|VIA:viad|PC[29]" lost all its fanouts during netlist optimizations.
    Info (17050): Register "PROCESSADOR:P1|VIA:viad|PC[28]" lost all its fanouts during netlist optimizations.
    Info (17050): Register "PROCESSADOR:P1|VIA:viad|PC[27]" lost all its fanouts during netlist optimizations.
    Info (17050): Register "PROCESSADOR:P1|VIA:viad|PC[26]" lost all its fanouts during netlist optimizations.
    Info (17050): Register "PROCESSADOR:P1|VIA:viad|PC[25]" lost all its fanouts during netlist optimizations.
    Info (17050): Register "PROCESSADOR:P1|VIA:viad|PC[24]" lost all its fanouts during netlist optimizations.
    Info (17050): Register "PROCESSADOR:P1|VIA:viad|PC[23]" lost all its fanouts during netlist optimizations.
    Info (17050): Register "PROCESSADOR:P1|VIA:viad|PC[22]" lost all its fanouts during netlist optimizations.
    Info (17050): Register "PROCESSADOR:P1|VIA:viad|PC[21]" lost all its fanouts during netlist optimizations.
    Info (17050): Register "PROCESSADOR:P1|VIA:viad|PC[20]" lost all its fanouts during netlist optimizations.
    Info (17050): Register "PROCESSADOR:P1|VIA:viad|PC[19]" lost all its fanouts during netlist optimizations.
    Info (17050): Register "PROCESSADOR:P1|VIA:viad|PC[18]" lost all its fanouts during netlist optimizations.
    Info (17050): Register "PROCESSADOR:P1|VIA:viad|PC[17]" lost all its fanouts during netlist optimizations.
    Info (17050): Register "PROCESSADOR:P1|VIA:viad|PC[16]" lost all its fanouts during netlist optimizations.
    Info (17050): Register "PROCESSADOR:P1|VIA:viad|PC[15]" lost all its fanouts during netlist optimizations.
    Info (17050): Register "PROCESSADOR:P1|VIA:viad|PC[14]" lost all its fanouts during netlist optimizations.
    Info (17050): Register "PROCESSADOR:P1|VIA:viad|PC[13]" lost all its fanouts during netlist optimizations.
    Info (17050): Register "PROCESSADOR:P1|VIA:viad|PC[12]" lost all its fanouts during netlist optimizations.
    Info (17050): Register "PROCESSADOR:P1|VIA:viad|PC[11]" lost all its fanouts during netlist optimizations.
Info (16010): Generating hard_block partition "hard_block:auto_generated_inst"
Warning (21074): Design contains 2 input pin(s) that do not drive logic
    Warning (15610): No output dependent on input pin "KEY[0]"
    Warning (15610): No output dependent on input pin "KEY[1]"
Info (21057): Implemented 2903 device resources after synthesis - the final resource count might be different
    Info (21058): Implemented 4 input pins
    Info (21059): Implemented 18 output pins
    Info (21061): Implemented 2817 logic cells
    Info (21064): Implemented 64 RAM segments
Info: Quartus II 32-bit Analysis & Synthesis was successful. 0 errors, 5 warnings
    Info: Peak virtual memory: 318 megabytes
    Info: Processing ended: Thu Jun 18 18:19:29 2015
    Info: Elapsed time: 00:00:16
    Info: Total CPU time (on all processors): 00:00:16


